<?xml version="1.0" encoding="utf-8"?><testsuites name="pytest tests"><testsuite name="pytest" errors="0" failures="0" skipped="0" tests="16" time="5.036" timestamp="2026-09-05T00:53:59.788414+00:00" hostname="agent-env-5c928bf0-511a-44dc-bdf7-a4eaf186ec49"><testcase classname="tests.test_audit_logs" name="test_super_list_basic" time="0.501" /><testcase classname="tests.test_audit_logs" name="test_platform_scope_filter" time="0.146" /><testcase classname="tests.test_audit_logs" name="test_globex_client_filter" time="0.238" /><testcase classname="tests.test_audit_logs" name="test_action_bucket_invite" time="0.183" /><testcase classname="tests.test_audit_logs" name="test_action_bucket_onboarding" time="0.104" /><testcase classname="tests.test_audit_logs" name="test_entity_type_filter" time="0.126" /><testcase classname="tests.test_audit_logs" name="test_user_id_filter" time="0.286" /><testcase classname="tests.test_audit_logs" name="test_date_bounds" time="0.123" /><testcase classname="tests.test_audit_logs" name="test_q_search" time="0.145" /><testcase classname="tests.test_audit_logs" name="test_pagination" time="0.324" /><testcase classname="tests.test_audit_logs" name="test_403_for_client_users[contributor]" time="1.072" /><testcase classname="tests.test_audit_logs" name="test_403_for_client_users[readonly]" time="0.429" /><testcase classname="tests.test_audit_logs" name="test_platform_admin_unauthorized_client_403" time="0.762" /><testcase classname="tests.test_audit_logs" name="test_platform_admin_default_scope" time="0.244" /><testcase classname="tests.test_audit_logs" name="test_facets_shape" time="0.103" /><testcase classname="tests.test_audit_logs" name="test_csv_export" time="0.168" /></testsuite></testsuites>