<?xml version="1.0" encoding="utf-8"?><testsuites name="pytest tests"><testsuite name="pytest" errors="0" failures="0" skipped="0" tests="12" time="4.680" timestamp="2026-09-04T23:50:28.153967+00:00" hostname="agent-env-5c928bf0-511a-44dc-bdf7-a4eaf186ec49"><testcase classname="tests.test_iteration13" name="test_requirements_library_shape" time="1.112" /><testcase classname="tests.test_iteration13" name="test_state_rbac_acme_contributor_on_globex_forbidden" time="0.459" /><testcase classname="tests.test_iteration13" name="test_state_readonly_get_ok" time="0.574" /><testcase classname="tests.test_iteration13" name="test_state_readonly_finalize_forbidden" time="0.062" /><testcase classname="tests.test_iteration13" name="test_finalize_na_without_rationale_returns_validation_errors" time="0.051" /><testcase classname="tests.test_iteration13" name="test_finalize_idempotence" time="0.412" /><testcase classname="tests.test_iteration13" name="test_contacts_linked_user_id_does_not_create_user" time="0.244" /><testcase classname="tests.test_iteration13" name="test_known_issue_verified_finding_creates_finding_with_source" time="0.095" /><testcase classname="tests.test_iteration13" name="test_known_issue_reported_creates_task_with_source" time="0.100" /><testcase classname="tests.test_iteration13" name="test_requirements_generic_crud" time="0.219" /><testcase classname="tests.test_iteration13" name="test_audit_log_contains_onboarding_entries" time="0.052" /><testcase classname="tests.test_iteration13" name="test_weekly_digest_regression" time="0.955" /></testsuite></testsuites>