<?xml version="1.0" encoding="utf-8"?><testsuites name="pytest tests"><testsuite name="pytest" errors="0" failures="0" skipped="0" tests="7" time="2.271" timestamp="2026-09-05T00:34:03.575422+00:00" hostname="agent-env-5c928bf0-511a-44dc-bdf7-a4eaf186ec49"><testcase classname="tests.test_iteration14" name="test_directory_shape_super_admin" time="0.424" /><testcase classname="tests.test_iteration14" name="test_directory_forbidden_for_contributor" time="0.423" /><testcase classname="tests.test_iteration14" name="test_baseline_templates" time="0.053" /><testcase classname="tests.test_iteration14" name="test_baseline_create_super" time="0.110" /><testcase classname="tests.test_iteration14" name="test_baseline_readonly_rejected" time="0.403" /><testcase classname="tests.test_iteration14" name="test_baseline_tenant_isolation" time="0.067" /><testcase classname="tests.test_iteration14" name="test_contact_invite_flow" time="0.448" /></testsuite></testsuites>