<?xml version="1.0" encoding="utf-8"?><testsuites name="pytest tests"><testsuite name="pytest" errors="0" failures="0" skipped="0" tests="6" time="2.075" timestamp="2026-09-04T20:01:19.278512+00:00" hostname="agent-env-5c928bf0-511a-44dc-bdf7-a4eaf186ec49"><testcase classname="tests.test_iteration10.TestRegressionCreate" name="test_risk_create_computes_score_and_level" time="0.804" /><testcase classname="tests.test_iteration10.TestVendorScheduleReview" name="test_schedule_review_creates_review_and_updates_vendor" time="0.974" /><testcase classname="tests.test_iteration10.TestRegressionCreate" name="test_vendor_create_persists_data_types" time="0.225" /><testcase classname="tests.test_iteration10.TestVendorScheduleReview" name="test_schedule_review_404_for_unknown_vendor" time="0.066" /><testcase classname="tests.test_iteration10.TestWeeklyDigest" name="test_send_weekly_now_ok" time="0.577" /><testcase classname="tests.test_iteration10.TestDashboardAssuranceAlerts" name="test_dashboard_returns_assurance_alerts_when_vendor_flagged" time="0.200" /></testsuite></testsuites>