<?xml version="1.0" encoding="utf-8"?><testsuites name="pytest tests"><testsuite name="pytest" errors="0" failures="0" skipped="0" tests="16" time="5.328" timestamp="2026-09-04T15:45:22.725322+00:00" hostname="agent-env-5c928bf0-511a-44dc-bdf7-a4eaf186ec49"><testcase classname="tests.test_iteration3.TestNotifications" name="test_list_shape" time="0.914" /><testcase classname="tests.test_iteration3.TestPolicyApproval" name="test_submit_review_happy" time="0.983" /><testcase classname="tests.test_iteration3.TestPolicyApproval" name="test_approve_happy" time="0.274" /><testcase classname="tests.test_iteration3.TestPolicyApproval" name="test_reject_flow" time="0.546" /><testcase classname="tests.test_iteration3.TestNotifications" name="test_mention_creates_notification" time="1.251" /><testcase classname="tests.test_iteration3.TestPolicyApproval" name="test_rbac_readonly_cannot_submit" time="0.667" /><testcase classname="tests.test_iteration3.TestNotifications" name="test_finding_assigned_notification" time="1.520" /><testcase classname="tests.test_iteration3.TestPolicyApproval" name="test_rbac_contributor_cannot_approve_or_reject" time="0.983" /><testcase classname="tests.test_iteration3.TestPolicyApproval" name="test_rbac_readonly_cannot_approve" time="0.273" /><testcase classname="tests.test_iteration3.TestNotifications" name="test_mark_read_and_read_all" time="0.668" /><testcase classname="tests.test_iteration3.TestRegression" name="test_dashboard" time="0.143" /><testcase classname="tests.test_iteration3.TestRegression" name="test_related" time="0.334" /><testcase classname="tests.test_iteration3.TestEvidenceLinked" name="test_upload_and_list_linked" time="0.374" /><testcase classname="tests.test_iteration3.TestExportCSV" name="test_export_reviews" time="0.149" /><testcase classname="tests.test_iteration3.TestExportCSV" name="test_export_findings" time="0.157" /><testcase classname="tests.test_iteration3.TestExportCSV" name="test_export_exceptions" time="0.164" /></testsuite></testsuites>