<?xml version="1.0" encoding="utf-8"?><testsuites name="pytest tests"><testsuite name="pytest" errors="0" failures="0" skipped="0" tests="2" time="8.105" timestamp="2026-09-04T16:28:37.858320+00:00" hostname="agent-env-5c928bf0-511a-44dc-bdf7-a4eaf186ec49"><testcase classname="tests.test_iteration6.TestIter6SessionInvalidation" name="test_full_session_invalidation_flow" time="6.701" /><testcase classname="tests.test_iteration6.TestIter6SessionInvalidation" name="test_restore_state_final" time="0.612" /></testsuite></testsuites>