<?xml version="1.0" encoding="utf-8"?><testsuites name="pytest tests"><testsuite name="pytest" errors="0" failures="0" skipped="0" tests="18" time="9.483" timestamp="2026-09-04T18:05:41.085873+00:00" hostname="agent-env-5c928bf0-511a-44dc-bdf7-a4eaf186ec49"><testcase classname="tests.test_iteration8" name="test_directory_admin_200" time="0.711" /><testcase classname="tests.test_iteration8" name="test_directory_row_shape" time="0.201" /><testcase classname="tests.test_iteration8" name="test_directory_platform_admin_200" time="0.603" /><testcase classname="tests.test_iteration8" name="test_directory_contributor_403" time="0.539" /><testcase classname="tests.test_iteration8" name="test_directory_readonly_403" time="0.550" /><testcase classname="tests.test_iteration8" name="test_create_client_admin_defaults" time="0.340" /><testcase classname="tests.test_iteration8" name="test_create_client_contributor_403" time="0.178" /><testcase classname="tests.test_iteration8" name="test_create_client_readonly_403" time="0.157" /><testcase classname="tests.test_iteration8" name="test_patch_client_admin_updates" time="0.265" /><testcase classname="tests.test_iteration8" name="test_patch_client_contributor_403" time="0.158" /><testcase classname="tests.test_iteration8" name="test_patch_client_readonly_403" time="0.160" /><testcase classname="tests.test_iteration8" name="test_list_clients_hides_archived_by_default" time="0.800" /><testcase classname="tests.test_iteration8" name="test_directory_include_archived" time="0.624" /><testcase classname="tests.test_iteration8" name="test_program_status_healthy_then_action_required_then_attention" time="1.367" /><testcase classname="tests.test_iteration8" name="test_last_activity_reflects_recent_audit" time="1.496" /><testcase classname="tests.test_iteration8" name="test_contributor_cannot_get_globex_reviews" time="0.312" /><testcase classname="tests.test_iteration8" name="test_contributor_cannot_post_globex_review" time="0.162" /><testcase classname="tests.test_iteration8" name="test_contributor_cannot_patch_globex_client" time="0.385" /></testsuite></testsuites>