<?xml version="1.0" encoding="utf-8"?><testsuites name="pytest tests"><testsuite name="pytest" errors="0" failures="0" skipped="0" tests="17" time="6.248" timestamp="2026-09-04T15:59:41.132987+00:00" hostname="agent-env-5c928bf0-511a-44dc-bdf7-a4eaf186ec49"><testcase classname="tests.test_iteration4.TestBulkAuth" name="test_bulk_close_reviews_as_admin" time="1.453" /><testcase classname="tests.test_iteration4.TestBulkActions" name="test_close_status_mappings" time="2.876" /><testcase classname="tests.test_iteration4.TestBulkAuth" name="test_bulk_readonly_forbidden" time="0.674" /><testcase classname="tests.test_iteration4.TestBulkAuth" name="test_bulk_contributor_delete_forbidden" time="0.779" /><testcase classname="tests.test_iteration4.TestBulkActions" name="test_set_status_reviews" time="0.786" /><testcase classname="tests.test_iteration4.TestBulkAuth" name="test_bulk_admin_delete" time="0.459" /><testcase classname="tests.test_iteration4.TestRegressionIter4" name="test_dashboard" time="0.136" /><testcase classname="tests.test_iteration4.TestRegressionIter4" name="test_reviews_list" time="0.162" /><testcase classname="tests.test_iteration4.TestRegressionIter4" name="test_export_csv" time="0.365" /><testcase classname="tests.test_iteration4.TestBulkActions" name="test_set_owner_reviews" time="0.837" /><testcase classname="tests.test_iteration4.TestRegressionIter4" name="test_notifications" time="0.166" /><testcase classname="tests.test_iteration4.TestCalendar" name="test_calendar_shape" time="0.129" /><testcase classname="tests.test_iteration4.TestCalendar" name="test_calendar_date_filter" time="0.611" /><testcase classname="tests.test_iteration4.TestBulkActions" name="test_set_owner_tasks_uses_assignee" time="0.512" /><testcase classname="tests.test_iteration4.TestBoardReport" name="test_board_report_pdf_as_admin" time="0.156" /><testcase classname="tests.test_iteration4.TestBulkActions" name="test_bulk_cross_tenant_forbidden" time="0.735" /><testcase classname="tests.test_iteration4.TestBoardReport" name="test_board_report_403_for_other_tenant" time="0.583" /></testsuite></testsuites>