<?xml version="1.0" encoding="utf-8"?><testsuites name="pytest tests"><testsuite name="pytest" errors="0" failures="1" skipped="0" tests="12" time="1.905" timestamp="2026-09-05T01:04:36.400177+00:00" hostname="agent-env-5c928bf0-511a-44dc-bdf7-a4eaf186ec49"><testcase classname="tests.test_iteration18_favorites.TestFavoritesSuperAdmin" name="test_add_favorite" time="0.576" /><testcase classname="tests.test_iteration18_favorites.TestFavoritesSuperAdmin" name="test_add_favorite_idempotent" time="0.059" /><testcase classname="tests.test_iteration18_favorites.TestFavoritesSuperAdmin" name="test_auth_me_reflects_favorite" time="0.055" /><testcase classname="tests.test_iteration18_favorites.TestFavoritesSuperAdmin" name="test_delete_favorite" time="0.054" /><testcase classname="tests.test_iteration18_favorites.TestFavoritesSuperAdmin" name="test_auth_me_reflects_deletion" time="0.054" /><testcase classname="tests.test_iteration18_favorites.TestFavoritesAuthorization" name="test_bogus_client_id_returns_403" time="0.056"><failure message="AssertionError: expected 403 got 200: {&quot;ok&quot;:true,&quot;favorite_client_ids&quot;:[&quot;nonexistent-client-xyz&quot;]}&#10;assert 200 == 403&#10; +  where 200 = &lt;Response [200]&gt;.status_code">backend/tests/test_iteration18_favorites.py:75: in test_bogus_client_id_returns_403
    assert r.status_code == 403, f"expected 403 got {r.status_code}: {r.text}"
E   AssertionError: expected 403 got 200: {"ok":true,"favorite_client_ids":["nonexistent-client-xyz"]}
E   assert 200 == 403
E    +  where 200 = &lt;Response [200]&gt;.status_code</failure></testcase><testcase classname="tests.test_iteration18_favorites.TestFavoritesAuthorization" name="test_contributor_cannot_favorite_bogus" time="0.456" /><testcase classname="tests.test_iteration18_favorites.TestFavoritesAuthorization" name="test_contributor_can_favorite_own_tenant" time="0.108" /><testcase classname="tests.test_iteration18_favorites.TestPreferencesFilter" name="test_patch_preferences_filters_unauthorized" time="0.086" /><testcase classname="tests.test_iteration18_favorites.TestPreferencesFilter" name="test_auth_me_after_patch" time="0.137" /><testcase classname="tests.test_iteration18_favorites.TestPreferencesFilter" name="test_cleanup" time="0.078" /><testcase classname="tests.test_iteration18_favorites.TestAuthMeShape" name="test_auth_me_has_favorite_field_or_empty" time="0.092" /></testsuite></testsuites>