<?xml version="1.0" encoding="utf-8"?><testsuites name="pytest tests"><testsuite name="pytest" errors="0" failures="0" skipped="0" tests="5" time="5.344" timestamp="2026-09-04T20:17:45.790458+00:00" hostname="agent-env-5c928bf0-511a-44dc-bdf7-a4eaf186ec49"><testcase classname="tests.test_iteration11" name="test_policy_library_5_categories_24_items" time="0.950" /><testcase classname="tests.test_iteration11" name="test_response_yes_no_unsure_na_and_metadata_safety" time="2.157" /><testcase classname="tests.test_iteration11" name="test_tenant_isolation_contributor_cannot_touch_globex" time="0.499" /><testcase classname="tests.test_iteration11" name="test_contributor_cannot_verify" time="0.644" /><testcase classname="tests.test_iteration11" name="test_weekly_digest_regression" time="0.626" /></testsuite></testsuites>