<?xml version="1.0" encoding="utf-8"?><testsuites name="pytest tests"><testsuite name="pytest" errors="0" failures="0" skipped="0" tests="17" time="4.165" timestamp="2026-09-04T18:25:43.176901+00:00" hostname="agent-env-5c928bf0-511a-44dc-bdf7-a4eaf186ec49"><testcase classname="tests.test_iteration9.TestMembers" name="test_members_super_admin" time="2.189" /><testcase classname="tests.test_iteration9.TestMembers" name="test_members_contributor_no_orphaned" time="0.099" /><testcase classname="tests.test_iteration9.TestMembers" name="test_members_cross_tenant_forbidden" time="0.175" /><testcase classname="tests.test_iteration9.TestDashboardScope" name="test_scope_org" time="0.086" /><testcase classname="tests.test_iteration9.TestDashboardScope" name="test_scope_mine_contributor" time="0.109" /><testcase classname="tests.test_iteration9.TestDashboardScope" name="test_scope_user_missing_user_id" time="0.074" /><testcase classname="tests.test_iteration9.TestDashboardScope" name="test_scope_user_by_super_admin" time="0.160" /><testcase classname="tests.test_iteration9.TestDashboardScope" name="test_scope_user_not_member" time="0.169" /><testcase classname="tests.test_iteration9.TestDashboardScope" name="test_scope_user_contrib_targets_other" time="0.097" /><testcase classname="tests.test_iteration9.TestDashboardScope" name="test_scope_user_contrib_targets_self" time="0.106" /><testcase classname="tests.test_iteration9.TestDashboardScope" name="test_scope_unassigned_admin" time="0.083" /><testcase classname="tests.test_iteration9.TestDashboardScope" name="test_scope_unassigned_forbidden_contrib" time="0.088" /><testcase classname="tests.test_iteration9.TestDashboardScope" name="test_scope_invalid" time="0.076" /><testcase classname="tests.test_iteration9.TestPrimaryAssignmentOnly" name="test_comment_does_not_attribute" time="0.329" /><testcase classname="tests.test_iteration9.TestRegression" name="test_cross_tenant_dashboard_forbidden" time="0.082" /><testcase classname="tests.test_iteration9.TestRegression" name="test_reviews_list_still_works" time="0.087" /><testcase classname="tests.test_iteration9.TestRegression" name="test_baseline_open_findings_acme" time="0.077" /></testsuite></testsuites>