<?xml version="1.0" encoding="utf-8"?><testsuites name="pytest tests"><testsuite name="pytest" errors="0" failures="0" skipped="0" tests="11" time="10.746" timestamp="2026-09-04T17:53:39.062555+00:00" hostname="agent-env-5c928bf0-511a-44dc-bdf7-a4eaf186ec49"><testcase classname="tests.test_iteration7" name="test_post_reviews_accepts_new_statuses_and_custom_recurrence" time="0.886" /><testcase classname="tests.test_iteration7" name="test_complete_quarterly_spawns_next_occurrence" time="0.333" /><testcase classname="tests.test_iteration7" name="test_complete_custom_recurrence_spawns_45_days" time="0.389" /><testcase classname="tests.test_iteration7" name="test_complete_none_recurrence_no_spawn" time="0.288" /><testcase classname="tests.test_iteration7" name="test_complete_already_completed_returns_400" time="0.432" /><testcase classname="tests.test_iteration7" name="test_complete_notes_appended_not_overwritten" time="0.354" /><testcase classname="tests.test_iteration7" name="test_readonly_cannot_complete" time="0.648" /><testcase classname="tests.test_iteration7" name="test_acme_contributor_cannot_complete_globex_review" time="1.290" /><testcase classname="tests.test_iteration7" name="test_dashboard_overdue_excludes_completed_and_cancelled" time="5.658" /><testcase classname="tests.test_iteration7" name="test_no_legacy_review_statuses" time="0.184" /><testcase classname="tests.test_iteration7" name="test_board_report_still_generates" time="0.234" /></testsuite></testsuites>