<?xml version="1.0" encoding="utf-8"?><testsuites name="pytest tests"><testsuite name="pytest" errors="0" failures="0" skipped="0" tests="14" time="5.690" timestamp="2026-09-04T20:35:16.988516+00:00" hostname="agent-env-5c928bf0-511a-44dc-bdf7-a4eaf186ec49"><testcase classname="tests.test_iteration12" name="test_rbac_contributor_forbidden" time="0.517" /><testcase classname="tests.test_iteration12" name="test_admin_can_read_directory" time="0.606" /><testcase classname="tests.test_iteration12" name="test_non_overlap_pastdue_vs_due30" time="0.334" /><testcase classname="tests.test_iteration12" name="test_dedup_finding_and_linked_task" time="0.375" /><testcase classname="tests.test_iteration12" name="test_unassigned_counts_all_four_types" time="0.504" /><testcase classname="tests.test_iteration12" name="test_risk_without_next_review_not_in_buckets" time="0.438" /><testcase classname="tests.test_iteration12" name="test_archived_client_excluded_by_default" time="0.437" /><testcase classname="tests.test_iteration12" name="test_program_status_action_required_from_critical_overdue" time="0.304" /><testcase classname="tests.test_iteration12" name="test_program_status_onboarding_preserved" time="0.228" /><testcase classname="tests.test_iteration12" name="test_program_status_healthy_when_clean" time="0.215" /><testcase classname="tests.test_iteration12" name="test_attention_queue_prioritization" time="0.473" /><testcase classname="tests.test_iteration12" name="test_team_workload_only_admin_users" time="0.070" /><testcase classname="tests.test_iteration12" name="test_client_row_shape" time="0.075" /><testcase classname="tests.test_iteration12" name="test_weekly_digest_regression" time="0.635" /></testsuite></testsuites>