<?xml version="1.0" encoding="utf-8"?><testsuites name="pytest tests"><testsuite name="pytest" errors="0" failures="0" skipped="0" tests="16" time="6.461" timestamp="2026-09-04T16:19:10.442616+00:00" hostname="agent-env-5c928bf0-511a-44dc-bdf7-a4eaf186ec49"><testcase classname="tests.test_iteration5.TestResetPassword" name="test_reset_invalid_token" time="0.151" /><testcase classname="tests.test_iteration5.TestResetPassword" name="test_reset_short_password" time="0.252" /><testcase classname="tests.test_iteration5.TestResetPassword" name="test_reset_happy_path_and_replay" time="2.084" /><testcase classname="tests.test_iteration5.TestGeneralRegression" name="test_dashboard" time="0.760" /><testcase classname="tests.test_iteration5.TestGeneralRegression" name="test_calendar" time="0.361" /><testcase classname="tests.test_iteration5.TestGeneralRegression" name="test_board_report" time="0.753" /><testcase classname="tests.test_iteration5.TestGeneralRegression" name="test_notifications" time="0.164" /><testcase classname="tests.test_iteration5.TestGeneralRegression" name="test_export_reviews" time="0.161" /><testcase classname="tests.test_iteration5.TestGeneralRegression" name="test_exceptions_crud" time="1.154" /><testcase classname="tests.test_iteration5.TestBulkSetDueDate" name="test_set_due_date_happy_path" time="1.466" /><testcase classname="tests.test_iteration5.TestForgotPassword" name="test_forgot_known_email_returns_ok_and_persists_row" time="0.367" /><testcase classname="tests.test_iteration5.TestForgotPassword" name="test_forgot_unknown_email_returns_ok_no_enum" time="0.143" /><testcase classname="tests.test_iteration5.TestBulkRegression" name="test_bulk_close_and_set_status_and_set_owner_and_delete" time="1.331" /><testcase classname="tests.test_iteration5.TestBulkSetDueDate" name="test_set_due_date_missing_payload_returns_400" time="0.283" /><testcase classname="tests.test_iteration5.TestBulkSetDueDate" name="test_set_due_date_readonly_forbidden" time="0.740" /><testcase classname="tests.test_iteration5.TestBulkRegression" name="test_reviews_patch_still_works" time="0.551" /></testsuite></testsuites>