<?xml version="1.0" encoding="utf-8"?><testsuites name="pytest tests"><testsuite name="pytest" errors="0" failures="0" skipped="0" tests="21" time="6.191" timestamp="2026-09-04T15:21:35.452515+00:00" hostname="agent-env-5c928bf0-511a-44dc-bdf7-a4eaf186ec49"><testcase classname="tests.backend_test" name="test_entity_get_and_post[findings-extra0]" time="1.269" /><testcase classname="tests.backend_test.TestIsolation" name="test_contributor_cannot_read_other_tenant" time="1.401" /><testcase classname="tests.backend_test" name="test_entity_get_and_post[risks-extra1]" time="0.493" /><testcase classname="tests.backend_test" name="test_entity_get_and_post[policies-extra2]" time="0.295" /><testcase classname="tests.backend_test.TestIsolation" name="test_readonly_cannot_create_review" time="0.558" /><testcase classname="tests.backend_test.TestIsolation" name="test_readonly_can_get" time="0.169" /><testcase classname="tests.backend_test" name="test_entity_get_and_post[vendors-extra3]" time="0.248" /><testcase classname="tests.backend_test.TestIsolation" name="test_readonly_cannot_delete" time="0.295" /><testcase classname="tests.backend_test" name="test_entity_get_and_post[assets-extra4]" time="0.498" /><testcase classname="tests.backend_test.TestAuth" name="test_login_admin_returns_super_admin" time="0.423" /><testcase classname="tests.backend_test" name="test_entity_get_and_post[tasks-extra5]" time="0.565" /><testcase classname="tests.backend_test.TestAuth" name="test_me_returns_same_user" time="0.130" /><testcase classname="tests.backend_test.TestAuth" name="test_login_wrong_password_401" time="0.386" /><testcase classname="tests.backend_test.TestReviews" name="test_list_reviews" time="0.148" /><testcase classname="tests.backend_test.TestClients" name="test_admin_sees_two_clients" time="0.141" /><testcase classname="tests.backend_test.TestReviews" name="test_create_update_delete_review" time="0.653" /><testcase classname="tests.backend_test.TestClients" name="test_contributor_scoped_to_acme" time="0.535" /><testcase classname="tests.backend_test.TestEvidence" name="test_upload_list_download_delete" time="1.241" /><testcase classname="tests.backend_test.TestDashboard" name="test_dashboard" time="0.258" /><testcase classname="tests.backend_test.TestAudit" name="test_audit_logs" time="0.177" /><testcase classname="tests.backend_test.TestComments" name="test_create_and_list_comment" time="0.410" /></testsuite></testsuites>