<?xml version="1.0" encoding="utf-8"?><testsuites name="pytest tests"><testsuite name="pytest" errors="0" failures="0" skipped="0" tests="47" time="51.535" timestamp="2026-09-04T15:45:32.669747+00:00" hostname="agent-env-5c928bf0-511a-44dc-bdf7-a4eaf186ec49"><testcase classname="tests.backend_test" name="test_entity_get_and_post[findings-extra0]" time="0.913" /><testcase classname="tests.backend_test" name="test_entity_get_and_post[risks-extra1]" time="0.281" /><testcase classname="tests.test_iteration3.TestPolicyApproval" name="test_submit_review_happy" time="1.256" /><testcase classname="tests.backend_test" name="test_entity_get_and_post[policies-extra2]" time="0.324" /><testcase classname="tests.test_iteration3.TestPolicyApproval" name="test_approve_happy" time="0.140" /><testcase classname="tests.test_iteration3.TestPolicyApproval" name="test_reject_flow" time="0.528" /><testcase classname="tests.backend_test" name="test_entity_get_and_post[vendors-extra3]" time="0.230" /><testcase classname="tests.backend_test" name="test_entity_get_and_post[assets-extra4]" time="0.292" /><testcase classname="tests.backend_test" name="test_entity_get_and_post[tasks-extra5]" time="0.368" /><testcase classname="tests.test_iteration3.TestPolicyApproval" name="test_rbac_readonly_cannot_submit" time="0.712" /><testcase classname="tests.test_iteration2.TestCronAndReminders" name="test_cron_no_auth_401" time="0.155" /><testcase classname="tests.test_iteration2.TestCronAndReminders" name="test_cron_wrong_secret_401" time="0.132" /><testcase classname="tests.test_iteration2.TestCronAndReminders" name="test_cron_valid_secret_200" time="0.307" /><testcase classname="tests.test_iteration3.TestPolicyApproval" name="test_rbac_contributor_cannot_approve_or_reject" time="1.252" /><testcase classname="tests.test_iteration2.TestCronAndReminders" name="test_reminders_send_now_admin_200" time="1.264" /><testcase classname="tests.test_iteration3.TestPolicyApproval" name="test_rbac_readonly_cannot_approve" time="0.341" /><testcase classname="tests.test_iteration2.TestCronAndReminders" name="test_reminders_send_now_readonly_403" time="0.829" /><testcase classname="tests.backend_test.TestIsolation" name="test_contributor_cannot_read_other_tenant" time="1.279" /><testcase classname="tests.test_iteration3.TestNotifications" name="test_list_shape" time="0.791" /><testcase classname="tests.backend_test.TestIsolation" name="test_readonly_cannot_create_review" time="0.760" /><testcase classname="tests.backend_test.TestIsolation" name="test_readonly_can_get" time="0.115" /><testcase classname="tests.backend_test.TestIsolation" name="test_readonly_cannot_delete" time="0.298" /><testcase classname="tests.test_iteration3.TestNotifications" name="test_mention_creates_notification" time="1.086" /><testcase classname="tests.backend_test.TestAuth" name="test_login_admin_returns_super_admin" time="1.354" /><testcase classname="tests.test_iteration3.TestNotifications" name="test_finding_assigned_notification" time="2.014" /><testcase classname="tests.backend_test.TestAuth" name="test_me_returns_same_user" time="0.184" /><testcase classname="tests.backend_test.TestAuth" name="test_login_wrong_password_401" time="0.357" /><testcase classname="tests.backend_test.TestClients" name="test_admin_sees_two_clients" time="0.143" /><testcase classname="tests.backend_test.TestClients" name="test_contributor_scoped_to_acme" time="0.164" /><testcase classname="tests.backend_test.TestReviews" name="test_list_reviews" time="0.141" /><testcase classname="tests.test_iteration3.TestNotifications" name="test_mark_read_and_read_all" time="37.536" /><testcase classname="tests.backend_test.TestReviews" name="test_create_update_delete_review" time="36.501" /><testcase classname="tests.test_iteration2.TestBaseline" name="test_templates_shape" time="0.501" /><testcase classname="tests.test_iteration2.TestBaseline" name="test_create_baseline" time="0.328" /><testcase classname="tests.test_iteration2.TestExceptions" name="test_crud" time="0.563" /><testcase classname="tests.test_iteration3.TestExportCSV" name="test_export_reviews" time="0.133" /><testcase classname="tests.test_iteration3.TestExportCSV" name="test_export_findings" time="0.137" /><testcase classname="tests.test_iteration3.TestExportCSV" name="test_export_exceptions" time="0.173" /><testcase classname="tests.test_iteration2.TestExceptions" name="test_tenant_isolation" time="0.496" /><testcase classname="tests.backend_test.TestDashboard" name="test_dashboard" time="0.329" /><testcase classname="tests.backend_test.TestEvidence" name="test_upload_list_download_delete" time="1.367" /><testcase classname="tests.test_iteration3.TestRegression" name="test_dashboard" time="0.495" /><testcase classname="tests.test_iteration3.TestRegression" name="test_related" time="0.682" /><testcase classname="tests.backend_test.TestComments" name="test_create_and_list_comment" time="0.607" /><testcase classname="tests.test_iteration2.TestQuickActions" name="test_review_to_finding_to_task_and_related" time="1.364" /><testcase classname="tests.backend_test.TestAudit" name="test_audit_logs" time="0.117" /><testcase classname="tests.test_iteration3.TestEvidenceLinked" name="test_upload_and_list_linked" time="1.086" /></testsuite></testsuites>